Copyright 1986-2015 Xilinx, Inc. All Rights Reserved.
------------------------------------------------------------------------------------------------
| Tool Version : Vivado v.2015.2 (win64) Build 1266856 Fri Jun 26 16:35:25 MDT 2015
| Date         : Mon Feb 22 11:28:07 2016
| Host         : nsarras-PC running 64-bit Service Pack 1  (build 7601)
| Command      : report_control_sets -verbose -file voting_machine_fpga_control_sets_placed.rpt
| Design       : voting_machine_fpga
| Device       : xc7a100t
------------------------------------------------------------------------------------------------

Control Set Information

Table of Contents
-----------------
1. Summary
2. Flip-Flop Distribution
3. Detailed Control Set Information

1. Summary
----------

+-------------------------------------------------------------------+-------+
|                               Status                              | Count |
+-------------------------------------------------------------------+-------+
| Number of unique control sets                                     |     2 |
| Minimum Number of register sites lost to control set restrictions |    12 |
+-------------------------------------------------------------------+-------+


2. Flip-Flop Distribution
-------------------------

+--------------+-----------------------+------------------------+-----------------+--------------+
| Clock Enable | Synchronous Set/Reset | Asynchronous Set/Reset | Total Registers | Total Slices |
+--------------+-----------------------+------------------------+-----------------+--------------+
| No           | No                    | No                     |               3 |            1 |
| No           | No                    | Yes                    |               0 |            0 |
| No           | Yes                   | No                     |              33 |           10 |
| Yes          | No                    | No                     |               0 |            0 |
| Yes          | No                    | Yes                    |               0 |            0 |
| Yes          | Yes                   | No                     |               0 |            0 |
+--------------+-----------------------+------------------------+-----------------+--------------+


3. Detailed Control Set Information
-----------------------------------

+----------------------+---------------+------------------+------------------+----------------+
|     Clock Signal     | Enable Signal | Set/Reset Signal | Slice Load Count | Bel Load Count |
+----------------------+---------------+------------------+------------------+----------------+
|  u3/clk_5KHz         |               |                  |                1 |              3 |
|  clk100MHz_IBUF_BUFG |               | rst_IBUF         |               10 |             33 |
+----------------------+---------------+------------------+------------------+----------------+


